pybullet build time: Nov 28 2023 23:45:17
Key 'dataset.in_shape' not found, using default value.
Saving to: /home/a/acw799/cliport/data/separating-piles-seen-colors-val
Mode: val
Oracle demo: 1/100 | Seed: 1
Total Reward: 0.120 | Done: False | Goal: push the pile of blue blocks into the brown square
Total Reward: 0.280 | Done: False | Goal: push the pile of blue blocks into the brown square
Total Reward: 0.320 | Done: False | Goal: push the pile of blue blocks into the brown square
Total Reward: 0.520 | Done: False | Goal: push the pile of blue blocks into the brown square
Total Reward: 0.680 | Done: False | Goal: push the pile of blue blocks into the brown square
Total Reward: 0.760 | Done: False | Goal: push the pile of blue blocks into the brown square
Total Reward: 0.800 | Done: False | Goal: push the pile of blue blocks into the brown square
Total Reward: 0.920 | Done: False | Goal: push the pile of blue blocks into the brown square
Total Reward: 0.980 | Done: False | Goal: push the pile of blue blocks into the brown square
Total Reward: 1.000 | Done: True | Goal: push the pile of blue blocks into the brown square
Oracle demo: 2/100 | Seed: 3
Total Reward: 0.520 | Done: False | Goal: push the pile of gray blocks into the red square
Total Reward: 0.680 | Done: False | Goal: push the pile of gray blocks into the red square
Total Reward: 0.720 | Done: False | Goal: push the pile of gray blocks into the red square
Total Reward: 0.780 | Done: False | Goal: push the pile of gray blocks into the red square
Total Reward: 0.840 | Done: False | Goal: push the pile of gray blocks into the red square
Total Reward: 0.960 | Done: False | Goal: push the pile of gray blocks into the red square
Total Reward: 0.980 | Done: False | Goal: push the pile of gray blocks into the red square
Total Reward: 1.000 | Done: True | Goal: push the pile of gray blocks into the red square
Oracle demo: 3/100 | Seed: 5
Total Reward: 0.120 | Done: False | Goal: push the pile of gray blocks into the brown square
Total Reward: 0.260 | Done: False | Goal: push the pile of gray blocks into the brown square
Total Reward: 0.440 | Done: False | Goal: push the pile of gray blocks into the brown square
Total Reward: 0.580 | Done: False | Goal: push the pile of gray blocks into the brown square
Total Reward: 0.760 | Done: False | Goal: push the pile of gray blocks into the brown square
Total Reward: 0.820 | Done: False | Goal: push the pile of gray blocks into the brown square
Total Reward: 0.920 | Done: False | Goal: push the pile of gray blocks into the brown square
Total Reward: 0.960 | Done: False | Goal: push the pile of gray blocks into the brown square
Total Reward: 1.000 | Done: True | Goal: push the pile of gray blocks into the brown square
Oracle demo: 4/100 | Seed: 7
Total Reward: 0.160 | Done: False | Goal: push the pile of yellow blocks into the green square
Total Reward: 0.400 | Done: False | Goal: push the pile of yellow blocks into the green square
Total Reward: 0.560 | Done: False | Goal: push the pile of yellow blocks into the green square
Total Reward: 0.660 | Done: False | Goal: push the pile of yellow blocks into the green square
Total Reward: 0.740 | Done: False | Goal: push the pile of yellow blocks into the green square
Total Reward: 0.860 | Done: False | Goal: push the pile of yellow blocks into the green square
Total Reward: 0.920 | Done: False | Goal: push the pile of yellow blocks into the green square
Total Reward: 1.000 | Done: True | Goal: push the pile of yellow blocks into the green square
Oracle demo: 5/100 | Seed: 9
Total Reward: 0.620 | Done: False | Goal: push the pile of green blocks into the brown square
Total Reward: 0.700 | Done: False | Goal: push the pile of green blocks into the brown square
Total Reward: 0.720 | Done: False | Goal: push the pile of green blocks into the brown square
Total Reward: 0.740 | Done: False | Goal: push the pile of green blocks into the brown square
Total Reward: 0.760 | Done: False | Goal: push the pile of green blocks into the brown square
Total Reward: 0.800 | Done: False | Goal: push the pile of green blocks into the brown square
Total Reward: 0.920 | Done: False | Goal: push the pile of green blocks into the brown square
Total Reward: 0.980 | Done: False | Goal: push the pile of green blocks into the brown square
Total Reward: 1.000 | Done: True | Goal: push the pile of green blocks into the brown square
Oracle demo: 6/100 | Seed: 11
Total Reward: 0.540 | Done: False | Goal: push the pile of cyan blocks into the brown square
Total Reward: 0.620 | Done: False | Goal: push the pile of cyan blocks into the brown square
Total Reward: 0.740 | Done: False | Goal: push the pile of cyan blocks into the brown square
Total Reward: 0.860 | Done: False | Goal: push the pile of cyan blocks into the brown square
Total Reward: 0.920 | Done: False | Goal: push the pile of cyan blocks into the brown square
Total Reward: 0.980 | Done: False | Goal: push the pile of cyan blocks into the brown square
Total Reward: 1.000 | Done: True | Goal: push the pile of cyan blocks into the brown square
Oracle demo: 7/100 | Seed: 13
Total Reward: 0.180 | Done: False | Goal: push the pile of red blocks into the green square
Total Reward: 0.380 | Done: False | Goal: push the pile of red blocks into the green square
Total Reward: 0.540 | Done: False | Goal: push the pile of red blocks into the green square
Total Reward: 0.620 | Done: False | Goal: push the pile of red blocks into the green square
Total Reward: 0.680 | Done: False | Goal: push the pile of red blocks into the green square
Total Reward: 0.760 | Done: False | Goal: push the pile of red blocks into the green square
Total Reward: 0.900 | Done: False | Goal: push the pile of red blocks into the green square
Total Reward: 0.920 | Done: False | Goal: push the pile of red blocks into the green square
Total Reward: 0.960 | Done: False | Goal: push the pile of red blocks into the green square
Total Reward: 0.980 | Done: False | Goal: push the pile of red blocks into the green square
Total Reward: 1.000 | Done: True | Goal: push the pile of red blocks into the green square
Oracle demo: 8/100 | Seed: 15
Total Reward: 0.140 | Done: False | Goal: push the pile of brown blocks into the red square
Total Reward: 0.260 | Done: False | Goal: push the pile of brown blocks into the red square
Total Reward: 0.360 | Done: False | Goal: push the pile of brown blocks into the red square
Total Reward: 0.440 | Done: False | Goal: push the pile of brown blocks into the red square
Total Reward: 0.720 | Done: False | Goal: push the pile of brown blocks into the red square
Total Reward: 0.820 | Done: False | Goal: push the pile of brown blocks into the red square
Total Reward: 0.920 | Done: False | Goal: push the pile of brown blocks into the red square
Total Reward: 1.000 | Done: True | Goal: push the pile of brown blocks into the red square
Oracle demo: 9/100 | Seed: 17
Total Reward: 0.220 | Done: False | Goal: push the pile of green blocks into the yellow square
Total Reward: 0.400 | Done: False | Goal: push the pile of green blocks into the yellow square
Total Reward: 0.560 | Done: False | Goal: push the pile of green blocks into the yellow square
Total Reward: 0.720 | Done: False | Goal: push the pile of green blocks into the yellow square
Total Reward: 0.780 | Done: False | Goal: push the pile of green blocks into the yellow square
Total Reward: 0.900 | Done: False | Goal: push the pile of green blocks into the yellow square
Total Reward: 0.980 | Done: False | Goal: push the pile of green blocks into the yellow square
Total Reward: 1.000 | Done: True | Goal: push the pile of green blocks into the yellow square
Oracle demo: 10/100 | Seed: 19
Total Reward: 0.120 | Done: False | Goal: push the pile of brown blocks into the gray square
Total Reward: 0.420 | Done: False | Goal: push the pile of brown blocks into the gray square
Total Reward: 0.540 | Done: False | Goal: push the pile of brown blocks into the gray square
Total Reward: 0.700 | Done: False | Goal: push the pile of brown blocks into the gray square
Total Reward: 0.760 | Done: False | Goal: push the pile of brown blocks into the gray square
Total Reward: 0.860 | Done: False | Goal: push the pile of brown blocks into the gray square
Total Reward: 0.880 | Done: False | Goal: push the pile of brown blocks into the gray square
Total Reward: 0.940 | Done: False | Goal: push the pile of brown blocks into the gray square
Total Reward: 0.980 | Done: False | Goal: push the pile of brown blocks into the gray square
Total Reward: 1.000 | Done: True | Goal: push the pile of brown blocks into the gray square
Oracle demo: 11/100 | Seed: 21
Total Reward: 0.260 | Done: False | Goal: push the pile of gray blocks into the yellow square
Total Reward: 0.420 | Done: False | Goal: push the pile of gray blocks into the yellow square
Total Reward: 0.600 | Done: False | Goal: push the pile of gray blocks into the yellow square
Total Reward: 0.620 | Done: False | Goal: push the pile of gray blocks into the yellow square
Total Reward: 0.640 | Done: False | Goal: push the pile of gray blocks into the yellow square
Total Reward: 0.760 | Done: False | Goal: push the pile of gray blocks into the yellow square
Total Reward: 0.860 | Done: False | Goal: push the pile of gray blocks into the yellow square
Total Reward: 0.960 | Done: False | Goal: push the pile of gray blocks into the yellow square
Total Reward: 1.000 | Done: True | Goal: push the pile of gray blocks into the yellow square
Oracle demo: 12/100 | Seed: 23
Total Reward: 0.440 | Done: False | Goal: push the pile of blue blocks into the cyan square
Total Reward: 0.600 | Done: False | Goal: push the pile of blue blocks into the cyan square
Total Reward: 0.660 | Done: False | Goal: push the pile of blue blocks into the cyan square
Total Reward: 0.720 | Done: False | Goal: push the pile of blue blocks into the cyan square
Total Reward: 0.760 | Done: False | Goal: push the pile of blue blocks into the cyan square
Total Reward: 0.880 | Done: False | Goal: push the pile of blue blocks into the cyan square
Total Reward: 0.900 | Done: False | Goal: push the pile of blue blocks into the cyan square
Total Reward: 0.960 | Done: False | Goal: push the pile of blue blocks into the cyan square
Total Reward: 0.980 | Done: False | Goal: push the pile of blue blocks into the cyan square
Total Reward: 1.000 | Done: True | Goal: push the pile of blue blocks into the cyan square
Oracle demo: 13/100 | Seed: 25
Total Reward: 0.200 | Done: False | Goal: push the pile of red blocks into the blue square
Total Reward: 0.380 | Done: False | Goal: push the pile of red blocks into the blue square
Total Reward: 0.620 | Done: False | Goal: push the pile of red blocks into the blue square
Total Reward: 0.680 | Done: False | Goal: push the pile of red blocks into the blue square
Total Reward: 0.740 | Done: False | Goal: push the pile of red blocks into the blue square
Total Reward: 0.780 | Done: False | Goal: push the pile of red blocks into the blue square
Total Reward: 0.860 | Done: False | Goal: push the pile of red blocks into the blue square
Total Reward: 0.920 | Done: False | Goal: push the pile of red blocks into the blue square
Total Reward: 0.960 | Done: False | Goal: push the pile of red blocks into the blue square
Total Reward: 0.980 | Done: False | Goal: push the pile of red blocks into the blue square
Total Reward: 1.000 | Done: True | Goal: push the pile of red blocks into the blue square
Oracle demo: 14/100 | Seed: 27
Total Reward: 0.280 | Done: False | Goal: push the pile of green blocks into the yellow square
Total Reward: 0.540 | Done: False | Goal: push the pile of green blocks into the yellow square
Total Reward: 0.620 | Done: False | Goal: push the pile of green blocks into the yellow square
Total Reward: 0.720 | Done: False | Goal: push the pile of green blocks into the yellow square
Total Reward: 0.740 | Done: False | Goal: push the pile of green blocks into the yellow square
Total Reward: 0.840 | Done: False | Goal: push the pile of green blocks into the yellow square
Total Reward: 0.900 | Done: False | Goal: push the pile of green blocks into the yellow square
Total Reward: 0.920 | Done: False | Goal: push the pile of green blocks into the yellow square
Total Reward: 0.980 | Done: False | Goal: push the pile of green blocks into the yellow square
Total Reward: 1.000 | Done: True | Goal: push the pile of green blocks into the yellow square
Oracle demo: 15/100 | Seed: 29
Total Reward: 0.220 | Done: False | Goal: push the pile of green blocks into the blue square
Total Reward: 0.400 | Done: False | Goal: push the pile of green blocks into the blue square
Total Reward: 0.500 | Done: False | Goal: push the pile of green blocks into the blue square
Total Reward: 0.640 | Done: False | Goal: push the pile of green blocks into the blue square
Total Reward: 0.720 | Done: False | Goal: push the pile of green blocks into the blue square
Total Reward: 0.800 | Done: False | Goal: push the pile of green blocks into the blue square
Total Reward: 0.960 | Done: False | Goal: push the pile of green blocks into the blue square
Total Reward: 0.980 | Done: False | Goal: push the pile of green blocks into the blue square
Total Reward: 1.000 | Done: True | Goal: push the pile of green blocks into the blue square
Oracle demo: 16/100 | Seed: 31
Total Reward: 0.160 | Done: False | Goal: push the pile of cyan blocks into the yellow square
Total Reward: 0.480 | Done: False | Goal: push the pile of cyan blocks into the yellow square
Total Reward: 0.740 | Done: False | Goal: push the pile of cyan blocks into the yellow square
Total Reward: 0.800 | Done: False | Goal: push the pile of cyan blocks into the yellow square
Total Reward: 0.880 | Done: False | Goal: push the pile of cyan blocks into the yellow square
Total Reward: 0.940 | Done: False | Goal: push the pile of cyan blocks into the yellow square
Total Reward: 0.980 | Done: False | Goal: push the pile of cyan blocks into the yellow square
Total Reward: 1.000 | Done: True | Goal: push the pile of cyan blocks into the yellow square
Oracle demo: 17/100 | Seed: 33
Total Reward: 0.120 | Done: False | Goal: push the pile of gray blocks into the red square
Total Reward: 0.320 | Done: False | Goal: push the pile of gray blocks into the red square
Total Reward: 0.460 | Done: False | Goal: push the pile of gray blocks into the red square
Total Reward: 0.660 | Done: False | Goal: push the pile of gray blocks into the red square
Total Reward: 0.820 | Done: False | Goal: push the pile of gray blocks into the red square
Total Reward: 0.880 | Done: False | Goal: push the pile of gray blocks into the red square
Total Reward: 0.920 | Done: False | Goal: push the pile of gray blocks into the red square
Total Reward: 0.960 | Done: False | Goal: push the pile of gray blocks into the red square
Total Reward: 1.000 | Done: True | Goal: push the pile of gray blocks into the red square
Oracle demo: 18/100 | Seed: 35
Total Reward: 0.140 | Done: False | Goal: push the pile of red blocks into the green square
Total Reward: 0.300 | Done: False | Goal: push the pile of red blocks into the green square
Total Reward: 0.440 | Done: False | Goal: push the pile of red blocks into the green square
Total Reward: 0.600 | Done: False | Goal: push the pile of red blocks into the green square
Total Reward: 0.720 | Done: False | Goal: push the pile of red blocks into the green square
Total Reward: 0.860 | Done: False | Goal: push the pile of red blocks into the green square
Total Reward: 0.940 | Done: False | Goal: push the pile of red blocks into the green square
Total Reward: 0.980 | Done: False | Goal: push the pile of red blocks into the green square
Total Reward: 1.000 | Done: True | Goal: push the pile of red blocks into the green square
Oracle demo: 19/100 | Seed: 37
Total Reward: 0.140 | Done: False | Goal: push the pile of blue blocks into the gray square
Total Reward: 0.260 | Done: False | Goal: push the pile of blue blocks into the gray square
Total Reward: 0.460 | Done: False | Goal: push the pile of blue blocks into the gray square
Total Reward: 0.580 | Done: False | Goal: push the pile of blue blocks into the gray square
Total Reward: 0.660 | Done: False | Goal: push the pile of blue blocks into the gray square
Total Reward: 0.780 | Done: False | Goal: push the pile of blue blocks into the gray square
Total Reward: 0.900 | Done: False | Goal: push the pile of blue blocks into the gray square
Total Reward: 0.940 | Done: False | Goal: push the pile of blue blocks into the gray square
Total Reward: 0.960 | Done: False | Goal: push the pile of blue blocks into the gray square
Total Reward: 0.980 | Done: False | Goal: push the pile of blue blocks into the gray square
Total Reward: 1.000 | Done: True | Goal: push the pile of blue blocks into the gray square
Oracle demo: 20/100 | Seed: 39
Total Reward: 0.560 | Done: False | Goal: push the pile of yellow blocks into the red square
Total Reward: 0.620 | Done: False | Goal: push the pile of yellow blocks into the red square
Total Reward: 0.680 | Done: False | Goal: push the pile of yellow blocks into the red square
Total Reward: 0.800 | Done: False | Goal: push the pile of yellow blocks into the red square
Total Reward: 0.840 | Done: False | Goal: push the pile of yellow blocks into the red square
Total Reward: 0.900 | Done: False | Goal: push the pile of yellow blocks into the red square
Total Reward: 0.940 | Done: False | Goal: push the pile of yellow blocks into the red square
Total Reward: 1.000 | Done: True | Goal: push the pile of yellow blocks into the red square
Oracle demo: 21/100 | Seed: 41
Total Reward: 0.160 | Done: False | Goal: push the pile of red blocks into the yellow square
Total Reward: 0.340 | Done: False | Goal: push the pile of red blocks into the yellow square
Total Reward: 0.340 | Done: False | Goal: push the pile of red blocks into the yellow square
Total Reward: 0.440 | Done: False | Goal: push the pile of red blocks into the yellow square
Total Reward: 0.540 | Done: False | Goal: push the pile of red blocks into the yellow square
Total Reward: 0.640 | Done: False | Goal: push the pile of red blocks into the yellow square
Total Reward: 0.780 | Done: False | Goal: push the pile of red blocks into the yellow square
Total Reward: 0.900 | Done: False | Goal: push the pile of red blocks into the yellow square
Total Reward: 0.920 | Done: False | Goal: push the pile of red blocks into the yellow square
Total Reward: 0.960 | Done: False | Goal: push the pile of red blocks into the yellow square
Total Reward: 0.980 | Done: False | Goal: push the pile of red blocks into the yellow square
Total Reward: 1.000 | Done: True | Goal: push the pile of red blocks into the yellow square
Oracle demo: 22/100 | Seed: 43
Total Reward: 0.400 | Done: False | Goal: push the pile of red blocks into the green square
Total Reward: 0.460 | Done: False | Goal: push the pile of red blocks into the green square
Total Reward: 0.600 | Done: False | Goal: push the pile of red blocks into the green square
Total Reward: 0.740 | Done: False | Goal: push the pile of red blocks into the green square
Total Reward: 0.840 | Done: False | Goal: push the pile of red blocks into the green square
Total Reward: 0.940 | Done: False | Goal: push the pile of red blocks into the green square
Total Reward: 0.960 | Done: False | Goal: push the pile of red blocks into the green square
Total Reward: 1.000 | Done: True | Goal: push the pile of red blocks into the green square
Oracle demo: 23/100 | Seed: 45
Total Reward: 0.240 | Done: False | Goal: push the pile of gray blocks into the yellow square
Total Reward: 0.360 | Done: False | Goal: push the pile of gray blocks into the yellow square
Total Reward: 0.560 | Done: False | Goal: push the pile of gray blocks into the yellow square
Total Reward: 0.600 | Done: False | Goal: push the pile of gray blocks into the yellow square
Total Reward: 0.820 | Done: False | Goal: push the pile of gray blocks into the yellow square
Total Reward: 0.860 | Done: False | Goal: push the pile of gray blocks into the yellow square
Total Reward: 0.920 | Done: False | Goal: push the pile of gray blocks into the yellow square
Total Reward: 0.980 | Done: False | Goal: push the pile of gray blocks into the yellow square
Total Reward: 1.000 | Done: True | Goal: push the pile of gray blocks into the yellow square
Oracle demo: 24/100 | Seed: 47
Total Reward: 0.300 | Done: False | Goal: push the pile of yellow blocks into the blue square
Total Reward: 0.420 | Done: False | Goal: push the pile of yellow blocks into the blue square
Total Reward: 0.520 | Done: False | Goal: push the pile of yellow blocks into the blue square
Total Reward: 0.660 | Done: False | Goal: push the pile of yellow blocks into the blue square
Total Reward: 0.700 | Done: False | Goal: push the pile of yellow blocks into the blue square
Total Reward: 0.800 | Done: False | Goal: push the pile of yellow blocks into the blue square
Total Reward: 0.900 | Done: False | Goal: push the pile of yellow blocks into the blue square
Total Reward: 1.000 | Done: True | Goal: push the pile of yellow blocks into the blue square
Oracle demo: 25/100 | Seed: 49
Total Reward: 0.280 | Done: False | Goal: push the pile of yellow blocks into the blue square
Total Reward: 0.480 | Done: False | Goal: push the pile of yellow blocks into the blue square
Total Reward: 0.700 | Done: False | Goal: push the pile of yellow blocks into the blue square
Total Reward: 0.800 | Done: False | Goal: push the pile of yellow blocks into the blue square
Total Reward: 0.820 | Done: False | Goal: push the pile of yellow blocks into the blue square
Total Reward: 0.920 | Done: False | Goal: push the pile of yellow blocks into the blue square
Total Reward: 0.940 | Done: False | Goal: push the pile of yellow blocks into the blue square
Total Reward: 0.980 | Done: False | Goal: push the pile of yellow blocks into the blue square
Total Reward: 1.000 | Done: True | Goal: push the pile of yellow blocks into the blue square
Oracle demo: 26/100 | Seed: 51
Total Reward: 0.340 | Done: False | Goal: push the pile of gray blocks into the red square
Total Reward: 0.500 | Done: False | Goal: push the pile of gray blocks into the red square
Total Reward: 0.620 | Done: False | Goal: push the pile of gray blocks into the red square
Total Reward: 0.720 | Done: False | Goal: push the pile of gray blocks into the red square
Total Reward: 0.760 | Done: False | Goal: push the pile of gray blocks into the red square
Total Reward: 0.880 | Done: False | Goal: push the pile of gray blocks into the red square
Total Reward: 0.920 | Done: False | Goal: push the pile of gray blocks into the red square
Total Reward: 1.000 | Done: True | Goal: push the pile of gray blocks into the red square
Oracle demo: 27/100 | Seed: 53
Total Reward: 0.560 | Done: False | Goal: push the pile of yellow blocks into the red square
Total Reward: 0.660 | Done: False | Goal: push the pile of yellow blocks into the red square
Total Reward: 0.780 | Done: False | Goal: push the pile of yellow blocks into the red square
Total Reward: 0.840 | Done: False | Goal: push the pile of yellow blocks into the red square
Total Reward: 0.920 | Done: False | Goal: push the pile of yellow blocks into the red square
Total Reward: 0.960 | Done: False | Goal: push the pile of yellow blocks into the red square
Total Reward: 0.980 | Done: False | Goal: push the pile of yellow blocks into the red square
Total Reward: 1.000 | Done: True | Goal: push the pile of yellow blocks into the red square
Oracle demo: 28/100 | Seed: 55
Total Reward: 0.640 | Done: False | Goal: push the pile of gray blocks into the red square
Total Reward: 0.720 | Done: False | Goal: push the pile of gray blocks into the red square
Total Reward: 0.780 | Done: False | Goal: push the pile of gray blocks into the red square
Total Reward: 0.800 | Done: False | Goal: push the pile of gray blocks into the red square
Total Reward: 0.840 | Done: False | Goal: push the pile of gray blocks into the red square
Total Reward: 0.880 | Done: False | Goal: push the pile of gray blocks into the red square
Total Reward: 0.920 | Done: False | Goal: push the pile of gray blocks into the red square
Total Reward: 0.940 | Done: False | Goal: push the pile of gray blocks into the red square
Total Reward: 0.980 | Done: False | Goal: push the pile of gray blocks into the red square
Total Reward: 1.000 | Done: True | Goal: push the pile of gray blocks into the red square
Oracle demo: 29/100 | Seed: 57
Total Reward: 0.080 | Done: False | Goal: push the pile of brown blocks into the blue square
Total Reward: 0.300 | Done: False | Goal: push the pile of brown blocks into the blue square
Total Reward: 0.420 | Done: False | Goal: push the pile of brown blocks into the blue square
Total Reward: 0.640 | Done: False | Goal: push the pile of brown blocks into the blue square
Total Reward: 0.680 | Done: False | Goal: push the pile of brown blocks into the blue square
Total Reward: 0.700 | Done: False | Goal: push the pile of brown blocks into the blue square
Total Reward: 0.740 | Done: False | Goal: push the pile of brown blocks into the blue square
Total Reward: 0.760 | Done: False | Goal: push the pile of brown blocks into the blue square
Total Reward: 0.880 | Done: False | Goal: push the pile of brown blocks into the blue square
Total Reward: 0.920 | Done: False | Goal: push the pile of brown blocks into the blue square
Total Reward: 1.000 | Done: True | Goal: push the pile of brown blocks into the blue square
Oracle demo: 30/100 | Seed: 59
Total Reward: 0.200 | Done: False | Goal: push the pile of yellow blocks into the red square
Total Reward: 0.320 | Done: False | Goal: push the pile of yellow blocks into the red square
Total Reward: 0.520 | Done: False | Goal: push the pile of yellow blocks into the red square
Total Reward: 0.520 | Done: False | Goal: push the pile of yellow blocks into the red square
Total Reward: 0.560 | Done: False | Goal: push the pile of yellow blocks into the red square
Total Reward: 0.660 | Done: False | Goal: push the pile of yellow blocks into the red square
Total Reward: 0.660 | Done: False | Goal: push the pile of yellow blocks into the red square
Total Reward: 0.660 | Done: False | Goal: push the pile of yellow blocks into the red square
Total Reward: 0.780 | Done: False | Goal: push the pile of yellow blocks into the red square
Total Reward: 0.940 | Done: False | Goal: push the pile of yellow blocks into the red square
Total Reward: 0.960 | Done: False | Goal: push the pile of yellow blocks into the red square
Total Reward: 0.980 | Done: False | Goal: push the pile of yellow blocks into the red square
Total Reward: 1.000 | Done: True | Goal: push the pile of yellow blocks into the red square
Oracle demo: 31/100 | Seed: 61
Total Reward: 0.220 | Done: False | Goal: push the pile of brown blocks into the yellow square
Total Reward: 0.340 | Done: False | Goal: push the pile of brown blocks into the yellow square
Total Reward: 0.500 | Done: False | Goal: push the pile of brown blocks into the yellow square
Total Reward: 0.540 | Done: False | Goal: push the pile of brown blocks into the yellow square
Total Reward: 0.740 | Done: False | Goal: push the pile of brown blocks into the yellow square
Total Reward: 0.820 | Done: False | Goal: push the pile of brown blocks into the yellow square
Total Reward: 0.820 | Done: False | Goal: push the pile of brown blocks into the yellow square
Total Reward: 0.880 | Done: False | Goal: push the pile of brown blocks into the yellow square
Total Reward: 0.940 | Done: False | Goal: push the pile of brown blocks into the yellow square
Total Reward: 0.980 | Done: False | Goal: push the pile of brown blocks into the yellow square
Total Reward: 1.000 | Done: True | Goal: push the pile of brown blocks into the yellow square
Oracle demo: 32/100 | Seed: 63
Total Reward: 0.200 | Done: False | Goal: push the pile of green blocks into the cyan square
Total Reward: 0.320 | Done: False | Goal: push the pile of green blocks into the cyan square
Total Reward: 0.520 | Done: False | Goal: push the pile of green blocks into the cyan square
Total Reward: 0.660 | Done: False | Goal: push the pile of green blocks into the cyan square
Total Reward: 0.800 | Done: False | Goal: push the pile of green blocks into the cyan square
Total Reward: 0.900 | Done: False | Goal: push the pile of green blocks into the cyan square
Total Reward: 0.880 | Done: False | Goal: push the pile of green blocks into the cyan square
Total Reward: 0.900 | Done: False | Goal: push the pile of green blocks into the cyan square
Total Reward: 1.000 | Done: True | Goal: push the pile of green blocks into the cyan square
Oracle demo: 33/100 | Seed: 65
Total Reward: 0.220 | Done: False | Goal: push the pile of gray blocks into the yellow square
Total Reward: 0.360 | Done: False | Goal: push the pile of gray blocks into the yellow square
Total Reward: 0.520 | Done: False | Goal: push the pile of gray blocks into the yellow square
Total Reward: 0.700 | Done: False | Goal: push the pile of gray blocks into the yellow square
Total Reward: 0.800 | Done: False | Goal: push the pile of gray blocks into the yellow square
Total Reward: 0.940 | Done: False | Goal: push the pile of gray blocks into the yellow square
Total Reward: 0.980 | Done: False | Goal: push the pile of gray blocks into the yellow square
Total Reward: 1.000 | Done: True | Goal: push the pile of gray blocks into the yellow square
Oracle demo: 34/100 | Seed: 67
Total Reward: 0.140 | Done: False | Goal: push the pile of yellow blocks into the cyan square
Total Reward: 0.340 | Done: False | Goal: push the pile of yellow blocks into the cyan square
Total Reward: 0.620 | Done: False | Goal: push the pile of yellow blocks into the cyan square
Total Reward: 0.740 | Done: False | Goal: push the pile of yellow blocks into the cyan square
Total Reward: 0.880 | Done: False | Goal: push the pile of yellow blocks into the cyan square
Total Reward: 0.900 | Done: False | Goal: push the pile of yellow blocks into the cyan square
Total Reward: 0.980 | Done: False | Goal: push the pile of yellow blocks into the cyan square
Total Reward: 1.000 | Done: True | Goal: push the pile of yellow blocks into the cyan square
Oracle demo: 35/100 | Seed: 69
Total Reward: 0.260 | Done: False | Goal: push the pile of cyan blocks into the gray square
Total Reward: 0.440 | Done: False | Goal: push the pile of cyan blocks into the gray square
Total Reward: 0.680 | Done: False | Goal: push the pile of cyan blocks into the gray square
Total Reward: 0.740 | Done: False | Goal: push the pile of cyan blocks into the gray square
Total Reward: 0.820 | Done: False | Goal: push the pile of cyan blocks into the gray square
Total Reward: 0.940 | Done: False | Goal: push the pile of cyan blocks into the gray square
Total Reward: 0.960 | Done: False | Goal: push the pile of cyan blocks into the gray square
Total Reward: 1.000 | Done: True | Goal: push the pile of cyan blocks into the gray square
Oracle demo: 36/100 | Seed: 71
Total Reward: 0.200 | Done: False | Goal: push the pile of gray blocks into the green square
Total Reward: 0.360 | Done: False | Goal: push the pile of gray blocks into the green square
Total Reward: 0.680 | Done: False | Goal: push the pile of gray blocks into the green square
Total Reward: 0.860 | Done: False | Goal: push the pile of gray blocks into the green square
Total Reward: 0.920 | Done: False | Goal: push the pile of gray blocks into the green square
Total Reward: 0.980 | Done: False | Goal: push the pile of gray blocks into the green square
Total Reward: 1.000 | Done: True | Goal: push the pile of gray blocks into the green square
Oracle demo: 37/100 | Seed: 73
Total Reward: 0.240 | Done: False | Goal: push the pile of brown blocks into the blue square
Total Reward: 0.400 | Done: False | Goal: push the pile of brown blocks into the blue square
Total Reward: 0.480 | Done: False | Goal: push the pile of brown blocks into the blue square
Total Reward: 0.680 | Done: False | Goal: push the pile of brown blocks into the blue square
Total Reward: 0.820 | Done: False | Goal: push the pile of brown blocks into the blue square
Total Reward: 0.900 | Done: False | Goal: push the pile of brown blocks into the blue square
Total Reward: 0.920 | Done: False | Goal: push the pile of brown blocks into the blue square
Total Reward: 0.940 | Done: False | Goal: push the pile of brown blocks into the blue square
Total Reward: 0.980 | Done: False | Goal: push the pile of brown blocks into the blue square
Total Reward: 1.000 | Done: True | Goal: push the pile of brown blocks into the blue square
Oracle demo: 38/100 | Seed: 75
Total Reward: 0.220 | Done: False | Goal: push the pile of cyan blocks into the brown square
Total Reward: 0.220 | Done: False | Goal: push the pile of cyan blocks into the brown square
Total Reward: 0.260 | Done: False | Goal: push the pile of cyan blocks into the brown square
Total Reward: 0.400 | Done: False | Goal: push the pile of cyan blocks into the brown square
Total Reward: 0.620 | Done: False | Goal: push the pile of cyan blocks into the brown square
Total Reward: 0.740 | Done: False | Goal: push the pile of cyan blocks into the brown square
Total Reward: 0.740 | Done: False | Goal: push the pile of cyan blocks into the brown square
Total Reward: 0.740 | Done: False | Goal: push the pile of cyan blocks into the brown square
Total Reward: 0.820 | Done: False | Goal: push the pile of cyan blocks into the brown square
Total Reward: 0.900 | Done: False | Goal: push the pile of cyan blocks into the brown square
Total Reward: 0.980 | Done: False | Goal: push the pile of cyan blocks into the brown square
Total Reward: 1.000 | Done: True | Goal: push the pile of cyan blocks into the brown square
Oracle demo: 39/100 | Seed: 77
Total Reward: 0.100 | Done: False | Goal: push the pile of gray blocks into the cyan square
Total Reward: 0.260 | Done: False | Goal: push the pile of gray blocks into the cyan square
Total Reward: 0.400 | Done: False | Goal: push the pile of gray blocks into the cyan square
Total Reward: 0.520 | Done: False | Goal: push the pile of gray blocks into the cyan square
Total Reward: 0.640 | Done: False | Goal: push the pile of gray blocks into the cyan square
Total Reward: 0.640 | Done: False | Goal: push the pile of gray blocks into the cyan square
Total Reward: 0.780 | Done: False | Goal: push the pile of gray blocks into the cyan square
Total Reward: 0.900 | Done: False | Goal: push the pile of gray blocks into the cyan square
Total Reward: 0.940 | Done: False | Goal: push the pile of gray blocks into the cyan square
Total Reward: 0.960 | Done: False | Goal: push the pile of gray blocks into the cyan square
Total Reward: 0.980 | Done: False | Goal: push the pile of gray blocks into the cyan square
Total Reward: 1.000 | Done: True | Goal: push the pile of gray blocks into the cyan square
Oracle demo: 40/100 | Seed: 79
Total Reward: 0.640 | Done: False | Goal: push the pile of green blocks into the red square
Total Reward: 0.700 | Done: False | Goal: push the pile of green blocks into the red square
Total Reward: 0.720 | Done: False | Goal: push the pile of green blocks into the red square
Total Reward: 0.800 | Done: False | Goal: push the pile of green blocks into the red square
Total Reward: 0.820 | Done: False | Goal: push the pile of green blocks into the red square
Total Reward: 0.860 | Done: False | Goal: push the pile of green blocks into the red square
Total Reward: 0.940 | Done: False | Goal: push the pile of green blocks into the red square
Total Reward: 0.960 | Done: False | Goal: push the pile of green blocks into the red square
Total Reward: 0.980 | Done: False | Goal: push the pile of green blocks into the red square
Total Reward: 1.000 | Done: True | Goal: push the pile of green blocks into the red square
Oracle demo: 41/100 | Seed: 81
Total Reward: 0.120 | Done: False | Goal: push the pile of green blocks into the yellow square
Total Reward: 0.280 | Done: False | Goal: push the pile of green blocks into the yellow square
Total Reward: 0.400 | Done: False | Goal: push the pile of green blocks into the yellow square
Total Reward: 0.480 | Done: False | Goal: push the pile of green blocks into the yellow square
Total Reward: 0.580 | Done: False | Goal: push the pile of green blocks into the yellow square
Total Reward: 0.740 | Done: False | Goal: push the pile of green blocks into the yellow square
Total Reward: 0.900 | Done: False | Goal: push the pile of green blocks into the yellow square
Total Reward: 0.980 | Done: False | Goal: push the pile of green blocks into the yellow square
Total Reward: 1.000 | Done: True | Goal: push the pile of green blocks into the yellow square
Oracle demo: 42/100 | Seed: 83
Total Reward: 0.240 | Done: False | Goal: push the pile of blue blocks into the yellow square
Total Reward: 0.440 | Done: False | Goal: push the pile of blue blocks into the yellow square
Total Reward: 0.620 | Done: False | Goal: push the pile of blue blocks into the yellow square
Total Reward: 0.700 | Done: False | Goal: push the pile of blue blocks into the yellow square
Total Reward: 0.740 | Done: False | Goal: push the pile of blue blocks into the yellow square
Total Reward: 0.840 | Done: False | Goal: push the pile of blue blocks into the yellow square
Total Reward: 0.860 | Done: False | Goal: push the pile of blue blocks into the yellow square
Total Reward: 0.940 | Done: False | Goal: push the pile of blue blocks into the yellow square
Total Reward: 0.980 | Done: False | Goal: push the pile of blue blocks into the yellow square
Total Reward: 1.000 | Done: True | Goal: push the pile of blue blocks into the yellow square
Oracle demo: 43/100 | Seed: 85
Total Reward: 0.300 | Done: False | Goal: push the pile of brown blocks into the red square
Total Reward: 0.460 | Done: False | Goal: push the pile of brown blocks into the red square
Total Reward: 0.540 | Done: False | Goal: push the pile of brown blocks into the red square
Total Reward: 0.640 | Done: False | Goal: push the pile of brown blocks into the red square
Total Reward: 0.800 | Done: False | Goal: push the pile of brown blocks into the red square
Total Reward: 0.920 | Done: False | Goal: push the pile of brown blocks into the red square
Total Reward: 0.980 | Done: False | Goal: push the pile of brown blocks into the red square
Total Reward: 1.000 | Done: True | Goal: push the pile of brown blocks into the red square
Oracle demo: 44/100 | Seed: 87
Total Reward: 0.420 | Done: False | Goal: push the pile of cyan blocks into the red square
Total Reward: 0.460 | Done: False | Goal: push the pile of cyan blocks into the red square
Total Reward: 0.640 | Done: False | Goal: push the pile of cyan blocks into the red square
Total Reward: 0.740 | Done: False | Goal: push the pile of cyan blocks into the red square
Total Reward: 0.880 | Done: False | Goal: push the pile of cyan blocks into the red square
Total Reward: 0.940 | Done: False | Goal: push the pile of cyan blocks into the red square
Total Reward: 0.960 | Done: False | Goal: push the pile of cyan blocks into the red square
Total Reward: 1.000 | Done: True | Goal: push the pile of cyan blocks into the red square
Oracle demo: 45/100 | Seed: 89
Total Reward: 0.580 | Done: False | Goal: push the pile of green blocks into the blue square
Total Reward: 0.600 | Done: False | Goal: push the pile of green blocks into the blue square
Total Reward: 0.640 | Done: False | Goal: push the pile of green blocks into the blue square
Total Reward: 0.700 | Done: False | Goal: push the pile of green blocks into the blue square
Total Reward: 0.780 | Done: False | Goal: push the pile of green blocks into the blue square
Total Reward: 0.840 | Done: False | Goal: push the pile of green blocks into the blue square
Total Reward: 0.900 | Done: False | Goal: push the pile of green blocks into the blue square
Total Reward: 0.920 | Done: False | Goal: push the pile of green blocks into the blue square
Total Reward: 0.940 | Done: False | Goal: push the pile of green blocks into the blue square
Total Reward: 0.980 | Done: False | Goal: push the pile of green blocks into the blue square
Total Reward: 0.980 | Done: False | Goal: push the pile of green blocks into the blue square
Total Reward: 1.000 | Done: True | Goal: push the pile of green blocks into the blue square
Oracle demo: 46/100 | Seed: 91
Total Reward: 0.240 | Done: False | Goal: push the pile of red blocks into the blue square
Total Reward: 0.400 | Done: False | Goal: push the pile of red blocks into the blue square
Total Reward: 0.620 | Done: False | Goal: push the pile of red blocks into the blue square
Total Reward: 0.780 | Done: False | Goal: push the pile of red blocks into the blue square
Total Reward: 0.800 | Done: False | Goal: push the pile of red blocks into the blue square
Total Reward: 0.860 | Done: False | Goal: push the pile of red blocks into the blue square
Total Reward: 0.940 | Done: False | Goal: push the pile of red blocks into the blue square
Total Reward: 1.000 | Done: True | Goal: push the pile of red blocks into the blue square
Oracle demo: 47/100 | Seed: 93
Total Reward: 0.200 | Done: False | Goal: push the pile of brown blocks into the yellow square
Total Reward: 0.400 | Done: False | Goal: push the pile of brown blocks into the yellow square
Total Reward: 0.600 | Done: False | Goal: push the pile of brown blocks into the yellow square
Total Reward: 0.680 | Done: False | Goal: push the pile of brown blocks into the yellow square
Total Reward: 0.860 | Done: False | Goal: push the pile of brown blocks into the yellow square
Total Reward: 0.960 | Done: False | Goal: push the pile of brown blocks into the yellow square
Total Reward: 0.980 | Done: False | Goal: push the pile of brown blocks into the yellow square
Total Reward: 1.000 | Done: True | Goal: push the pile of brown blocks into the yellow square
Oracle demo: 48/100 | Seed: 95
Total Reward: 0.160 | Done: False | Goal: push the pile of gray blocks into the cyan square
Total Reward: 0.240 | Done: False | Goal: push the pile of gray blocks into the cyan square
Total Reward: 0.480 | Done: False | Goal: push the pile of gray blocks into the cyan square
Total Reward: 0.620 | Done: False | Goal: push the pile of gray blocks into the cyan square
Total Reward: 0.700 | Done: False | Goal: push the pile of gray blocks into the cyan square
Total Reward: 0.760 | Done: False | Goal: push the pile of gray blocks into the cyan square
Total Reward: 0.860 | Done: False | Goal: push the pile of gray blocks into the cyan square
Total Reward: 0.920 | Done: False | Goal: push the pile of gray blocks into the cyan square
Total Reward: 0.980 | Done: False | Goal: push the pile of gray blocks into the cyan square
Total Reward: 1.000 | Done: True | Goal: push the pile of gray blocks into the cyan square
Oracle demo: 49/100 | Seed: 97
Total Reward: 0.180 | Done: False | Goal: push the pile of green blocks into the red square
Total Reward: 0.300 | Done: False | Goal: push the pile of green blocks into the red square
Total Reward: 0.540 | Done: False | Goal: push the pile of green blocks into the red square
Total Reward: 0.660 | Done: False | Goal: push the pile of green blocks into the red square
Total Reward: 0.800 | Done: False | Goal: push the pile of green blocks into the red square
Total Reward: 0.840 | Done: False | Goal: push the pile of green blocks into the red square
Total Reward: 0.940 | Done: False | Goal: push the pile of green blocks into the red square
Total Reward: 0.960 | Done: False | Goal: push the pile of green blocks into the red square
Total Reward: 1.000 | Done: True | Goal: push the pile of green blocks into the red square
Oracle demo: 50/100 | Seed: 99
Total Reward: 0.300 | Done: False | Goal: push the pile of red blocks into the yellow square
Total Reward: 0.420 | Done: False | Goal: push the pile of red blocks into the yellow square
Total Reward: 0.580 | Done: False | Goal: push the pile of red blocks into the yellow square
Total Reward: 0.760 | Done: False | Goal: push the pile of red blocks into the yellow square
Total Reward: 0.840 | Done: False | Goal: push the pile of red blocks into the yellow square
Total Reward: 0.880 | Done: False | Goal: push the pile of red blocks into the yellow square
Total Reward: 0.940 | Done: False | Goal: push the pile of red blocks into the yellow square
Total Reward: 0.980 | Done: False | Goal: push the pile of red blocks into the yellow square
Total Reward: 1.000 | Done: True | Goal: push the pile of red blocks into the yellow square
Oracle demo: 51/100 | Seed: 101
Total Reward: 0.160 | Done: False | Goal: push the pile of cyan blocks into the red square
Total Reward: 0.320 | Done: False | Goal: push the pile of cyan blocks into the red square
Total Reward: 0.380 | Done: False | Goal: push the pile of cyan blocks into the red square
Total Reward: 0.480 | Done: False | Goal: push the pile of cyan blocks into the red square
Total Reward: 0.720 | Done: False | Goal: push the pile of cyan blocks into the red square
Total Reward: 0.780 | Done: False | Goal: push the pile of cyan blocks into the red square
Total Reward: 0.860 | Done: False | Goal: push the pile of cyan blocks into the red square
Total Reward: 0.980 | Done: False | Goal: push the pile of cyan blocks into the red square
Total Reward: 0.980 | Done: False | Goal: push the pile of cyan blocks into the red square
Total Reward: 1.000 | Done: True | Goal: push the pile of cyan blocks into the red square
Oracle demo: 52/100 | Seed: 103
Total Reward: 0.600 | Done: False | Goal: push the pile of red blocks into the gray square
Total Reward: 0.700 | Done: False | Goal: push the pile of red blocks into the gray square
Total Reward: 0.740 | Done: False | Goal: push the pile of red blocks into the gray square
Total Reward: 0.800 | Done: False | Goal: push the pile of red blocks into the gray square
Total Reward: 0.840 | Done: False | Goal: push the pile of red blocks into the gray square
Total Reward: 0.880 | Done: False | Goal: push the pile of red blocks into the gray square
Total Reward: 0.940 | Done: False | Goal: push the pile of red blocks into the gray square
Total Reward: 0.980 | Done: False | Goal: push the pile of red blocks into the gray square
Total Reward: 1.000 | Done: True | Goal: push the pile of red blocks into the gray square
Oracle demo: 53/100 | Seed: 105
Total Reward: 0.100 | Done: False | Goal: push the pile of cyan blocks into the brown square
Total Reward: 0.260 | Done: False | Goal: push the pile of cyan blocks into the brown square
Total Reward: 0.500 | Done: False | Goal: push the pile of cyan blocks into the brown square
Total Reward: 0.660 | Done: False | Goal: push the pile of cyan blocks into the brown square
Total Reward: 0.800 | Done: False | Goal: push the pile of cyan blocks into the brown square
Total Reward: 0.840 | Done: False | Goal: push the pile of cyan blocks into the brown square
Total Reward: 0.940 | Done: False | Goal: push the pile of cyan blocks into the brown square
Total Reward: 0.960 | Done: False | Goal: push the pile of cyan blocks into the brown square
Total Reward: 1.000 | Done: True | Goal: push the pile of cyan blocks into the brown square
Oracle demo: 54/100 | Seed: 107
Total Reward: 0.540 | Done: False | Goal: push the pile of gray blocks into the brown square
Total Reward: 0.640 | Done: False | Goal: push the pile of gray blocks into the brown square
Total Reward: 0.680 | Done: False | Goal: push the pile of gray blocks into the brown square
Total Reward: 0.760 | Done: False | Goal: push the pile of gray blocks into the brown square
Total Reward: 0.900 | Done: False | Goal: push the pile of gray blocks into the brown square
Total Reward: 0.940 | Done: False | Goal: push the pile of gray blocks into the brown square
Total Reward: 0.980 | Done: False | Goal: push the pile of gray blocks into the brown square
Total Reward: 0.980 | Done: False | Goal: push the pile of gray blocks into the brown square
Total Reward: 1.000 | Done: True | Goal: push the pile of gray blocks into the brown square
Oracle demo: 55/100 | Seed: 109
Total Reward: 0.140 | Done: False | Goal: push the pile of yellow blocks into the red square
Total Reward: 0.320 | Done: False | Goal: push the pile of yellow blocks into the red square
Total Reward: 0.440 | Done: False | Goal: push the pile of yellow blocks into the red square
Total Reward: 0.600 | Done: False | Goal: push the pile of yellow blocks into the red square
Total Reward: 0.680 | Done: False | Goal: push the pile of yellow blocks into the red square
Total Reward: 0.920 | Done: False | Goal: push the pile of yellow blocks into the red square
Total Reward: 0.980 | Done: False | Goal: push the pile of yellow blocks into the red square
Total Reward: 1.000 | Done: True | Goal: push the pile of yellow blocks into the red square
Oracle demo: 56/100 | Seed: 111
Total Reward: 0.260 | Done: False | Goal: push the pile of green blocks into the red square
Total Reward: 0.340 | Done: False | Goal: push the pile of green blocks into the red square
Total Reward: 0.540 | Done: False | Goal: push the pile of green blocks into the red square
Total Reward: 0.660 | Done: False | Goal: push the pile of green blocks into the red square
Total Reward: 0.780 | Done: False | Goal: push the pile of green blocks into the red square
Total Reward: 0.860 | Done: False | Goal: push the pile of green blocks into the red square
Total Reward: 0.920 | Done: False | Goal: push the pile of green blocks into the red square
Total Reward: 0.960 | Done: False | Goal: push the pile of green blocks into the red square
Total Reward: 1.000 | Done: True | Goal: push the pile of green blocks into the red square
Oracle demo: 57/100 | Seed: 113
Total Reward: 0.240 | Done: False | Goal: push the pile of green blocks into the blue square
Total Reward: 0.440 | Done: False | Goal: push the pile of green blocks into the blue square
Total Reward: 0.560 | Done: False | Goal: push the pile of green blocks into the blue square
Total Reward: 0.680 | Done: False | Goal: push the pile of green blocks into the blue square
Total Reward: 0.680 | Done: False | Goal: push the pile of green blocks into the blue square
Total Reward: 0.680 | Done: False | Goal: push the pile of green blocks into the blue square
Total Reward: 0.820 | Done: False | Goal: push the pile of green blocks into the blue square
Total Reward: 0.900 | Done: False | Goal: push the pile of green blocks into the blue square
Total Reward: 0.920 | Done: False | Goal: push the pile of green blocks into the blue square
Total Reward: 0.940 | Done: False | Goal: push the pile of green blocks into the blue square
Total Reward: 0.960 | Done: False | Goal: push the pile of green blocks into the blue square
Total Reward: 0.960 | Done: False | Goal: push the pile of green blocks into the blue square
Total Reward: 1.000 | Done: True | Goal: push the pile of green blocks into the blue square
Oracle demo: 58/100 | Seed: 115
Total Reward: 0.120 | Done: False | Goal: push the pile of blue blocks into the green square
Total Reward: 0.320 | Done: False | Goal: push the pile of blue blocks into the green square
Total Reward: 0.520 | Done: False | Goal: push the pile of blue blocks into the green square
Total Reward: 0.680 | Done: False | Goal: push the pile of blue blocks into the green square
Total Reward: 0.820 | Done: False | Goal: push the pile of blue blocks into the green square
Total Reward: 0.900 | Done: False | Goal: push the pile of blue blocks into the green square
Total Reward: 0.960 | Done: False | Goal: push the pile of blue blocks into the green square
Total Reward: 0.980 | Done: False | Goal: push the pile of blue blocks into the green square
Total Reward: 1.000 | Done: True | Goal: push the pile of blue blocks into the green square
Oracle demo: 59/100 | Seed: 117
Total Reward: 0.560 | Done: False | Goal: push the pile of gray blocks into the red square
Total Reward: 0.620 | Done: False | Goal: push the pile of gray blocks into the red square
Total Reward: 0.700 | Done: False | Goal: push the pile of gray blocks into the red square
Total Reward: 0.820 | Done: False | Goal: push the pile of gray blocks into the red square
Total Reward: 0.840 | Done: False | Goal: push the pile of gray blocks into the red square
Total Reward: 0.940 | Done: False | Goal: push the pile of gray blocks into the red square
Total Reward: 0.960 | Done: False | Goal: push the pile of gray blocks into the red square
Total Reward: 0.980 | Done: False | Goal: push the pile of gray blocks into the red square
Total Reward: 1.000 | Done: True | Goal: push the pile of gray blocks into the red square
Oracle demo: 60/100 | Seed: 119
Total Reward: 0.160 | Done: False | Goal: push the pile of brown blocks into the red square
Total Reward: 0.440 | Done: False | Goal: push the pile of brown blocks into the red square
Total Reward: 0.580 | Done: False | Goal: push the pile of brown blocks into the red square
Total Reward: 0.680 | Done: False | Goal: push the pile of brown blocks into the red square
Total Reward: 0.700 | Done: False | Goal: push the pile of brown blocks into the red square
Total Reward: 0.820 | Done: False | Goal: push the pile of brown blocks into the red square
Total Reward: 0.940 | Done: False | Goal: push the pile of brown blocks into the red square
Total Reward: 1.000 | Done: True | Goal: push the pile of brown blocks into the red square
Oracle demo: 61/100 | Seed: 121
Total Reward: 0.140 | Done: False | Goal: push the pile of brown blocks into the red square
Total Reward: 0.340 | Done: False | Goal: push the pile of brown blocks into the red square
Total Reward: 0.460 | Done: False | Goal: push the pile of brown blocks into the red square
Total Reward: 0.640 | Done: False | Goal: push the pile of brown blocks into the red square
Total Reward: 0.800 | Done: False | Goal: push the pile of brown blocks into the red square
Total Reward: 0.940 | Done: False | Goal: push the pile of brown blocks into the red square
Total Reward: 0.960 | Done: False | Goal: push the pile of brown blocks into the red square
Total Reward: 1.000 | Done: True | Goal: push the pile of brown blocks into the red square
Oracle demo: 62/100 | Seed: 123
Total Reward: 0.160 | Done: False | Goal: push the pile of cyan blocks into the green square
Total Reward: 0.380 | Done: False | Goal: push the pile of cyan blocks into the green square
Total Reward: 0.480 | Done: False | Goal: push the pile of cyan blocks into the green square
Total Reward: 0.620 | Done: False | Goal: push the pile of cyan blocks into the green square
Total Reward: 0.740 | Done: False | Goal: push the pile of cyan blocks into the green square
Total Reward: 0.820 | Done: False | Goal: push the pile of cyan blocks into the green square
Total Reward: 0.900 | Done: False | Goal: push the pile of cyan blocks into the green square
Total Reward: 0.980 | Done: False | Goal: push the pile of cyan blocks into the green square
Total Reward: 1.000 | Done: True | Goal: push the pile of cyan blocks into the green square
Oracle demo: 63/100 | Seed: 125
Total Reward: 0.160 | Done: False | Goal: push the pile of brown blocks into the cyan square
Total Reward: 0.160 | Done: False | Goal: push the pile of brown blocks into the cyan square
Total Reward: 0.400 | Done: False | Goal: push the pile of brown blocks into the cyan square
Total Reward: 0.540 | Done: False | Goal: push the pile of brown blocks into the cyan square
Total Reward: 0.620 | Done: False | Goal: push the pile of brown blocks into the cyan square
Total Reward: 0.820 | Done: False | Goal: push the pile of brown blocks into the cyan square
Total Reward: 0.960 | Done: False | Goal: push the pile of brown blocks into the cyan square
Total Reward: 0.980 | Done: False | Goal: push the pile of brown blocks into the cyan square
Total Reward: 1.000 | Done: True | Goal: push the pile of brown blocks into the cyan square
Oracle demo: 64/100 | Seed: 127
Total Reward: 0.540 | Done: False | Goal: push the pile of gray blocks into the blue square
Total Reward: 0.660 | Done: False | Goal: push the pile of gray blocks into the blue square
Total Reward: 0.740 | Done: False | Goal: push the pile of gray blocks into the blue square
Total Reward: 0.780 | Done: False | Goal: push the pile of gray blocks into the blue square
Total Reward: 0.900 | Done: False | Goal: push the pile of gray blocks into the blue square
Total Reward: 0.920 | Done: False | Goal: push the pile of gray blocks into the blue square
Total Reward: 0.960 | Done: False | Goal: push the pile of gray blocks into the blue square
Total Reward: 0.980 | Done: False | Goal: push the pile of gray blocks into the blue square
Total Reward: 1.000 | Done: True | Goal: push the pile of gray blocks into the blue square
Oracle demo: 65/100 | Seed: 129
Total Reward: 0.400 | Done: False | Goal: push the pile of green blocks into the brown square
Total Reward: 0.480 | Done: False | Goal: push the pile of green blocks into the brown square
Total Reward: 0.740 | Done: False | Goal: push the pile of green blocks into the brown square
Total Reward: 0.780 | Done: False | Goal: push the pile of green blocks into the brown square
Total Reward: 0.860 | Done: False | Goal: push the pile of green blocks into the brown square
Total Reward: 1.000 | Done: True | Goal: push the pile of green blocks into the brown square
Oracle demo: 66/100 | Seed: 131
Total Reward: 0.340 | Done: False | Goal: push the pile of brown blocks into the green square
Total Reward: 0.520 | Done: False | Goal: push the pile of brown blocks into the green square
Total Reward: 0.660 | Done: False | Goal: push the pile of brown blocks into the green square
Total Reward: 0.820 | Done: False | Goal: push the pile of brown blocks into the green square
Total Reward: 0.880 | Done: False | Goal: push the pile of brown blocks into the green square
Total Reward: 0.900 | Done: False | Goal: push the pile of brown blocks into the green square
Total Reward: 1.000 | Done: True | Goal: push the pile of brown blocks into the green square
Oracle demo: 67/100 | Seed: 133
Total Reward: 0.100 | Done: False | Goal: push the pile of cyan blocks into the green square
Total Reward: 0.260 | Done: False | Goal: push the pile of cyan blocks into the green square
Total Reward: 0.440 | Done: False | Goal: push the pile of cyan blocks into the green square
Total Reward: 0.620 | Done: False | Goal: push the pile of cyan blocks into the green square
Total Reward: 0.680 | Done: False | Goal: push the pile of cyan blocks into the green square
Total Reward: 0.780 | Done: False | Goal: push the pile of cyan blocks into the green square
Total Reward: 0.820 | Done: False | Goal: push the pile of cyan blocks into the green square
Total Reward: 0.960 | Done: False | Goal: push the pile of cyan blocks into the green square
Total Reward: 0.980 | Done: False | Goal: push the pile of cyan blocks into the green square
Total Reward: 0.960 | Done: False | Goal: push the pile of cyan blocks into the green square
Total Reward: 0.980 | Done: False | Goal: push the pile of cyan blocks into the green square
Total Reward: 1.000 | Done: True | Goal: push the pile of cyan blocks into the green square
Oracle demo: 68/100 | Seed: 135
Total Reward: 0.120 | Done: False | Goal: push the pile of brown blocks into the green square
Total Reward: 0.320 | Done: False | Goal: push the pile of brown blocks into the green square
Total Reward: 0.480 | Done: False | Goal: push the pile of brown blocks into the green square
Total Reward: 0.540 | Done: False | Goal: push the pile of brown blocks into the green square
Total Reward: 0.640 | Done: False | Goal: push the pile of brown blocks into the green square
Total Reward: 0.680 | Done: False | Goal: push the pile of brown blocks into the green square
Total Reward: 0.780 | Done: False | Goal: push the pile of brown blocks into the green square
Total Reward: 0.800 | Done: False | Goal: push the pile of brown blocks into the green square
Total Reward: 0.860 | Done: False | Goal: push the pile of brown blocks into the green square
Total Reward: 0.900 | Done: False | Goal: push the pile of brown blocks into the green square
Total Reward: 0.940 | Done: False | Goal: push the pile of brown blocks into the green square
Total Reward: 1.000 | Done: True | Goal: push the pile of brown blocks into the green square
Oracle demo: 69/100 | Seed: 137
Total Reward: 0.400 | Done: False | Goal: push the pile of yellow blocks into the red square
Total Reward: 0.560 | Done: False | Goal: push the pile of yellow blocks into the red square
Total Reward: 0.580 | Done: False | Goal: push the pile of yellow blocks into the red square
Total Reward: 0.680 | Done: False | Goal: push the pile of yellow blocks into the red square
Total Reward: 0.860 | Done: False | Goal: push the pile of yellow blocks into the red square
Total Reward: 0.920 | Done: False | Goal: push the pile of yellow blocks into the red square
Total Reward: 0.980 | Done: False | Goal: push the pile of yellow blocks into the red square
Total Reward: 1.000 | Done: True | Goal: push the pile of yellow blocks into the red square
Oracle demo: 70/100 | Seed: 139
Total Reward: 0.220 | Done: False | Goal: push the pile of brown blocks into the gray square
Total Reward: 0.280 | Done: False | Goal: push the pile of brown blocks into the gray square
Total Reward: 0.400 | Done: False | Goal: push the pile of brown blocks into the gray square
Total Reward: 0.620 | Done: False | Goal: push the pile of brown blocks into the gray square
Total Reward: 0.680 | Done: False | Goal: push the pile of brown blocks into the gray square
Total Reward: 0.780 | Done: False | Goal: push the pile of brown blocks into the gray square
Total Reward: 0.840 | Done: False | Goal: push the pile of brown blocks into the gray square
Total Reward: 0.880 | Done: False | Goal: push the pile of brown blocks into the gray square
Total Reward: 0.960 | Done: False | Goal: push the pile of brown blocks into the gray square
Total Reward: 1.000 | Done: True | Goal: push the pile of brown blocks into the gray square
Oracle demo: 71/100 | Seed: 141
Total Reward: 0.180 | Done: False | Goal: push the pile of cyan blocks into the blue square
Total Reward: 0.260 | Done: False | Goal: push the pile of cyan blocks into the blue square
Total Reward: 0.360 | Done: False | Goal: push the pile of cyan blocks into the blue square
Total Reward: 0.380 | Done: False | Goal: push the pile of cyan blocks into the blue square
Total Reward: 0.480 | Done: False | Goal: push the pile of cyan blocks into the blue square
Total Reward: 0.480 | Done: False | Goal: push the pile of cyan blocks into the blue square
Total Reward: 0.760 | Done: False | Goal: push the pile of cyan blocks into the blue square
Total Reward: 0.920 | Done: False | Goal: push the pile of cyan blocks into the blue square
Total Reward: 0.940 | Done: False | Goal: push the pile of cyan blocks into the blue square
Total Reward: 0.940 | Done: False | Goal: push the pile of cyan blocks into the blue square
Total Reward: 0.980 | Done: False | Goal: push the pile of cyan blocks into the blue square
Total Reward: 1.000 | Done: True | Goal: push the pile of cyan blocks into the blue square
Oracle demo: 72/100 | Seed: 143
Total Reward: 0.160 | Done: False | Goal: push the pile of gray blocks into the red square
Total Reward: 0.380 | Done: False | Goal: push the pile of gray blocks into the red square
Total Reward: 0.600 | Done: False | Goal: push the pile of gray blocks into the red square
Total Reward: 0.700 | Done: False | Goal: push the pile of gray blocks into the red square
Total Reward: 0.820 | Done: False | Goal: push the pile of gray blocks into the red square
Total Reward: 0.880 | Done: False | Goal: push the pile of gray blocks into the red square
Total Reward: 0.960 | Done: False | Goal: push the pile of gray blocks into the red square
Total Reward: 1.000 | Done: True | Goal: push the pile of gray blocks into the red square
Oracle demo: 73/100 | Seed: 145
Total Reward: 0.180 | Done: False | Goal: push the pile of brown blocks into the cyan square
Total Reward: 0.420 | Done: False | Goal: push the pile of brown blocks into the cyan square
Total Reward: 0.660 | Done: False | Goal: push the pile of brown blocks into the cyan square
Total Reward: 0.780 | Done: False | Goal: push the pile of brown blocks into the cyan square
Total Reward: 0.880 | Done: False | Goal: push the pile of brown blocks into the cyan square
Total Reward: 0.900 | Done: False | Goal: push the pile of brown blocks into the cyan square
Total Reward: 0.940 | Done: False | Goal: push the pile of brown blocks into the cyan square
Total Reward: 0.960 | Done: False | Goal: push the pile of brown blocks into the cyan square
Total Reward: 0.980 | Done: False | Goal: push the pile of brown blocks into the cyan square
Total Reward: 1.000 | Done: True | Goal: push the pile of brown blocks into the cyan square
Oracle demo: 74/100 | Seed: 147
Total Reward: 0.140 | Done: False | Goal: push the pile of red blocks into the gray square
Total Reward: 0.380 | Done: False | Goal: push the pile of red blocks into the gray square
Total Reward: 0.460 | Done: False | Goal: push the pile of red blocks into the gray square
Total Reward: 0.560 | Done: False | Goal: push the pile of red blocks into the gray square
Total Reward: 0.560 | Done: False | Goal: push the pile of red blocks into the gray square
Total Reward: 0.660 | Done: False | Goal: push the pile of red blocks into the gray square
Total Reward: 0.680 | Done: False | Goal: push the pile of red blocks into the gray square
Total Reward: 0.700 | Done: False | Goal: push the pile of red blocks into the gray square
Total Reward: 0.820 | Done: False | Goal: push the pile of red blocks into the gray square
Total Reward: 0.940 | Done: False | Goal: push the pile of red blocks into the gray square
Total Reward: 1.000 | Done: True | Goal: push the pile of red blocks into the gray square
Oracle demo: 75/100 | Seed: 149
Total Reward: 0.420 | Done: False | Goal: push the pile of green blocks into the cyan square
Total Reward: 0.680 | Done: False | Goal: push the pile of green blocks into the cyan square
Total Reward: 0.780 | Done: False | Goal: push the pile of green blocks into the cyan square
Total Reward: 0.820 | Done: False | Goal: push the pile of green blocks into the cyan square
Total Reward: 0.900 | Done: False | Goal: push the pile of green blocks into the cyan square
Total Reward: 0.920 | Done: False | Goal: push the pile of green blocks into the cyan square
Total Reward: 0.980 | Done: False | Goal: push the pile of green blocks into the cyan square
Total Reward: 1.000 | Done: True | Goal: push the pile of green blocks into the cyan square
Oracle demo: 76/100 | Seed: 151
Total Reward: 0.260 | Done: False | Goal: push the pile of red blocks into the yellow square
Total Reward: 0.360 | Done: False | Goal: push the pile of red blocks into the yellow square
Total Reward: 0.480 | Done: False | Goal: push the pile of red blocks into the yellow square
Total Reward: 0.720 | Done: False | Goal: push the pile of red blocks into the yellow square
Total Reward: 0.880 | Done: False | Goal: push the pile of red blocks into the yellow square
Total Reward: 0.940 | Done: False | Goal: push the pile of red blocks into the yellow square
Total Reward: 0.980 | Done: False | Goal: push the pile of red blocks into the yellow square
Total Reward: 1.000 | Done: True | Goal: push the pile of red blocks into the yellow square
Oracle demo: 77/100 | Seed: 153
Total Reward: 0.540 | Done: False | Goal: push the pile of gray blocks into the blue square
Total Reward: 0.700 | Done: False | Goal: push the pile of gray blocks into the blue square
Total Reward: 0.740 | Done: False | Goal: push the pile of gray blocks into the blue square
Total Reward: 0.800 | Done: False | Goal: push the pile of gray blocks into the blue square
Total Reward: 0.880 | Done: False | Goal: push the pile of gray blocks into the blue square
Total Reward: 0.960 | Done: False | Goal: push the pile of gray blocks into the blue square
Total Reward: 0.980 | Done: False | Goal: push the pile of gray blocks into the blue square
Total Reward: 0.980 | Done: False | Goal: push the pile of gray blocks into the blue square
Total Reward: 1.000 | Done: True | Goal: push the pile of gray blocks into the blue square
Oracle demo: 78/100 | Seed: 155
Total Reward: 0.200 | Done: False | Goal: push the pile of gray blocks into the cyan square
Total Reward: 0.300 | Done: False | Goal: push the pile of gray blocks into the cyan square
Total Reward: 0.500 | Done: False | Goal: push the pile of gray blocks into the cyan square
Total Reward: 0.580 | Done: False | Goal: push the pile of gray blocks into the cyan square
Total Reward: 0.740 | Done: False | Goal: push the pile of gray blocks into the cyan square
Total Reward: 0.880 | Done: False | Goal: push the pile of gray blocks into the cyan square
Total Reward: 0.940 | Done: False | Goal: push the pile of gray blocks into the cyan square
Total Reward: 0.980 | Done: False | Goal: push the pile of gray blocks into the cyan square
Total Reward: 1.000 | Done: True | Goal: push the pile of gray blocks into the cyan square
Oracle demo: 79/100 | Seed: 157
Total Reward: 0.200 | Done: False | Goal: push the pile of red blocks into the brown square
Total Reward: 0.320 | Done: False | Goal: push the pile of red blocks into the brown square
Total Reward: 0.520 | Done: False | Goal: push the pile of red blocks into the brown square
Total Reward: 0.600 | Done: False | Goal: push the pile of red blocks into the brown square
Total Reward: 0.680 | Done: False | Goal: push the pile of red blocks into the brown square
Total Reward: 0.840 | Done: False | Goal: push the pile of red blocks into the brown square
Total Reward: 0.860 | Done: False | Goal: push the pile of red blocks into the brown square
Total Reward: 0.900 | Done: False | Goal: push the pile of red blocks into the brown square
Total Reward: 0.920 | Done: False | Goal: push the pile of red blocks into the brown square
Total Reward: 0.980 | Done: False | Goal: push the pile of red blocks into the brown square
Total Reward: 1.000 | Done: True | Goal: push the pile of red blocks into the brown square
Oracle demo: 80/100 | Seed: 159
Total Reward: 0.060 | Done: False | Goal: push the pile of cyan blocks into the yellow square
Total Reward: 0.260 | Done: False | Goal: push the pile of cyan blocks into the yellow square
Total Reward: 0.400 | Done: False | Goal: push the pile of cyan blocks into the yellow square
Total Reward: 0.600 | Done: False | Goal: push the pile of cyan blocks into the yellow square
Total Reward: 0.640 | Done: False | Goal: push the pile of cyan blocks into the yellow square
Total Reward: 0.840 | Done: False | Goal: push the pile of cyan blocks into the yellow square
Total Reward: 0.880 | Done: False | Goal: push the pile of cyan blocks into the yellow square
Total Reward: 0.900 | Done: False | Goal: push the pile of cyan blocks into the yellow square
Total Reward: 0.980 | Done: False | Goal: push the pile of cyan blocks into the yellow square
Total Reward: 1.000 | Done: True | Goal: push the pile of cyan blocks into the yellow square
Oracle demo: 81/100 | Seed: 161
Total Reward: 0.120 | Done: False | Goal: push the pile of cyan blocks into the brown square
Total Reward: 0.180 | Done: False | Goal: push the pile of cyan blocks into the brown square
Total Reward: 0.300 | Done: False | Goal: push the pile of cyan blocks into the brown square
Total Reward: 0.560 | Done: False | Goal: push the pile of cyan blocks into the brown square
Total Reward: 0.680 | Done: False | Goal: push the pile of cyan blocks into the brown square
Total Reward: 0.760 | Done: False | Goal: push the pile of cyan blocks into the brown square
Total Reward: 0.840 | Done: False | Goal: push the pile of cyan blocks into the brown square
Total Reward: 0.960 | Done: False | Goal: push the pile of cyan blocks into the brown square
Total Reward: 1.000 | Done: True | Goal: push the pile of cyan blocks into the brown square
Oracle demo: 82/100 | Seed: 163
Total Reward: 0.300 | Done: False | Goal: push the pile of yellow blocks into the brown square
Total Reward: 0.380 | Done: False | Goal: push the pile of yellow blocks into the brown square
Total Reward: 0.620 | Done: False | Goal: push the pile of yellow blocks into the brown square
Total Reward: 0.740 | Done: False | Goal: push the pile of yellow blocks into the brown square
Total Reward: 0.820 | Done: False | Goal: push the pile of yellow blocks into the brown square
Total Reward: 0.840 | Done: False | Goal: push the pile of yellow blocks into the brown square
Total Reward: 0.940 | Done: False | Goal: push the pile of yellow blocks into the brown square
Total Reward: 1.000 | Done: True | Goal: push the pile of yellow blocks into the brown square
Oracle demo: 83/100 | Seed: 165
Total Reward: 0.160 | Done: False | Goal: push the pile of yellow blocks into the blue square
Total Reward: 0.320 | Done: False | Goal: push the pile of yellow blocks into the blue square
Total Reward: 0.500 | Done: False | Goal: push the pile of yellow blocks into the blue square
Total Reward: 0.620 | Done: False | Goal: push the pile of yellow blocks into the blue square
Total Reward: 0.680 | Done: False | Goal: push the pile of yellow blocks into the blue square
Total Reward: 0.720 | Done: False | Goal: push the pile of yellow blocks into the blue square
Total Reward: 0.780 | Done: False | Goal: push the pile of yellow blocks into the blue square
Total Reward: 0.900 | Done: False | Goal: push the pile of yellow blocks into the blue square
Total Reward: 0.960 | Done: False | Goal: push the pile of yellow blocks into the blue square
Total Reward: 1.000 | Done: True | Goal: push the pile of yellow blocks into the blue square
Oracle demo: 84/100 | Seed: 167
Total Reward: 0.340 | Done: False | Goal: push the pile of green blocks into the blue square
Total Reward: 0.540 | Done: False | Goal: push the pile of green blocks into the blue square
Total Reward: 0.720 | Done: False | Goal: push the pile of green blocks into the blue square
Total Reward: 0.820 | Done: False | Goal: push the pile of green blocks into the blue square
Total Reward: 0.940 | Done: False | Goal: push the pile of green blocks into the blue square
Total Reward: 0.980 | Done: False | Goal: push the pile of green blocks into the blue square
Total Reward: 1.000 | Done: True | Goal: push the pile of green blocks into the blue square
Oracle demo: 85/100 | Seed: 169
Total Reward: 0.340 | Done: False | Goal: push the pile of gray blocks into the green square
Total Reward: 0.500 | Done: False | Goal: push the pile of gray blocks into the green square
Total Reward: 0.660 | Done: False | Goal: push the pile of gray blocks into the green square
Total Reward: 0.760 | Done: False | Goal: push the pile of gray blocks into the green square
Total Reward: 0.900 | Done: False | Goal: push the pile of gray blocks into the green square
Total Reward: 0.960 | Done: False | Goal: push the pile of gray blocks into the green square
Total Reward: 1.000 | Done: True | Goal: push the pile of gray blocks into the green square
Oracle demo: 86/100 | Seed: 171
Total Reward: 0.420 | Done: False | Goal: push the pile of yellow blocks into the brown square
Total Reward: 0.540 | Done: False | Goal: push the pile of yellow blocks into the brown square
Total Reward: 0.620 | Done: False | Goal: push the pile of yellow blocks into the brown square
Total Reward: 0.660 | Done: False | Goal: push the pile of yellow blocks into the brown square
Total Reward: 0.880 | Done: False | Goal: push the pile of yellow blocks into the brown square
Total Reward: 0.960 | Done: False | Goal: push the pile of yellow blocks into the brown square
Total Reward: 0.980 | Done: False | Goal: push the pile of yellow blocks into the brown square
Total Reward: 1.000 | Done: True | Goal: push the pile of yellow blocks into the brown square
Oracle demo: 87/100 | Seed: 173
Total Reward: 0.360 | Done: False | Goal: push the pile of brown blocks into the yellow square
Total Reward: 0.580 | Done: False | Goal: push the pile of brown blocks into the yellow square
Total Reward: 0.680 | Done: False | Goal: push the pile of brown blocks into the yellow square
Total Reward: 0.740 | Done: False | Goal: push the pile of brown blocks into the yellow square
Total Reward: 0.820 | Done: False | Goal: push the pile of brown blocks into the yellow square
Total Reward: 0.920 | Done: False | Goal: push the pile of brown blocks into the yellow square
Total Reward: 0.940 | Done: False | Goal: push the pile of brown blocks into the yellow square
Total Reward: 0.980 | Done: False | Goal: push the pile of brown blocks into the yellow square
Total Reward: 1.000 | Done: True | Goal: push the pile of brown blocks into the yellow square
Oracle demo: 88/100 | Seed: 175
Total Reward: 0.260 | Done: False | Goal: push the pile of blue blocks into the yellow square
Total Reward: 0.360 | Done: False | Goal: push the pile of blue blocks into the yellow square
Total Reward: 0.660 | Done: False | Goal: push the pile of blue blocks into the yellow square
Total Reward: 0.680 | Done: False | Goal: push the pile of blue blocks into the yellow square
Total Reward: 0.760 | Done: False | Goal: push the pile of blue blocks into the yellow square
Total Reward: 0.900 | Done: False | Goal: push the pile of blue blocks into the yellow square
Total Reward: 0.940 | Done: False | Goal: push the pile of blue blocks into the yellow square
Total Reward: 0.980 | Done: False | Goal: push the pile of blue blocks into the yellow square
Total Reward: 1.000 | Done: True | Goal: push the pile of blue blocks into the yellow square
Oracle demo: 89/100 | Seed: 177
Total Reward: 0.400 | Done: False | Goal: push the pile of gray blocks into the red square
Total Reward: 0.480 | Done: False | Goal: push the pile of gray blocks into the red square
Total Reward: 0.640 | Done: False | Goal: push the pile of gray blocks into the red square
Total Reward: 0.760 | Done: False | Goal: push the pile of gray blocks into the red square
Total Reward: 0.840 | Done: False | Goal: push the pile of gray blocks into the red square
Total Reward: 0.900 | Done: False | Goal: push the pile of gray blocks into the red square
Total Reward: 0.920 | Done: False | Goal: push the pile of gray blocks into the red square
Total Reward: 0.960 | Done: False | Goal: push the pile of gray blocks into the red square
Total Reward: 1.000 | Done: True | Goal: push the pile of gray blocks into the red square
Oracle demo: 90/100 | Seed: 179
Total Reward: 0.120 | Done: False | Goal: push the pile of blue blocks into the cyan square
Total Reward: 0.360 | Done: False | Goal: push the pile of blue blocks into the cyan square
Total Reward: 0.520 | Done: False | Goal: push the pile of blue blocks into the cyan square
Total Reward: 0.600 | Done: False | Goal: push the pile of blue blocks into the cyan square
Total Reward: 0.720 | Done: False | Goal: push the pile of blue blocks into the cyan square
Total Reward: 0.780 | Done: False | Goal: push the pile of blue blocks into the cyan square
Total Reward: 0.860 | Done: False | Goal: push the pile of blue blocks into the cyan square
Total Reward: 0.920 | Done: False | Goal: push the pile of blue blocks into the cyan square
Total Reward: 0.940 | Done: False | Goal: push the pile of blue blocks into the cyan square
Total Reward: 0.980 | Done: False | Goal: push the pile of blue blocks into the cyan square
Total Reward: 1.000 | Done: True | Goal: push the pile of blue blocks into the cyan square
Oracle demo: 91/100 | Seed: 181
Total Reward: 0.540 | Done: False | Goal: push the pile of blue blocks into the brown square
Total Reward: 0.660 | Done: False | Goal: push the pile of blue blocks into the brown square
Total Reward: 0.700 | Done: False | Goal: push the pile of blue blocks into the brown square
Total Reward: 0.780 | Done: False | Goal: push the pile of blue blocks into the brown square
Total Reward: 0.800 | Done: False | Goal: push the pile of blue blocks into the brown square
Total Reward: 0.820 | Done: False | Goal: push the pile of blue blocks into the brown square
Total Reward: 0.900 | Done: False | Goal: push the pile of blue blocks into the brown square
Total Reward: 0.940 | Done: False | Goal: push the pile of blue blocks into the brown square
Total Reward: 0.960 | Done: False | Goal: push the pile of blue blocks into the brown square
Total Reward: 0.980 | Done: False | Goal: push the pile of blue blocks into the brown square
Total Reward: 1.000 | Done: True | Goal: push the pile of blue blocks into the brown square
Oracle demo: 92/100 | Seed: 183
Total Reward: 0.120 | Done: False | Goal: push the pile of gray blocks into the cyan square
Total Reward: 0.300 | Done: False | Goal: push the pile of gray blocks into the cyan square
Total Reward: 0.460 | Done: False | Goal: push the pile of gray blocks into the cyan square
Total Reward: 0.540 | Done: False | Goal: push the pile of gray blocks into the cyan square
Total Reward: 0.740 | Done: False | Goal: push the pile of gray blocks into the cyan square
Total Reward: 0.860 | Done: False | Goal: push the pile of gray blocks into the cyan square
Total Reward: 0.940 | Done: False | Goal: push the pile of gray blocks into the cyan square
Total Reward: 1.000 | Done: True | Goal: push the pile of gray blocks into the cyan square
Oracle demo: 93/100 | Seed: 185
Total Reward: 0.160 | Done: False | Goal: push the pile of red blocks into the cyan square
Total Reward: 0.260 | Done: False | Goal: push the pile of red blocks into the cyan square
Total Reward: 0.400 | Done: False | Goal: push the pile of red blocks into the cyan square
Total Reward: 0.640 | Done: False | Goal: push the pile of red blocks into the cyan square
Total Reward: 0.720 | Done: False | Goal: push the pile of red blocks into the cyan square
Total Reward: 0.840 | Done: False | Goal: push the pile of red blocks into the cyan square
Total Reward: 0.900 | Done: False | Goal: push the pile of red blocks into the cyan square
Total Reward: 0.960 | Done: False | Goal: push the pile of red blocks into the cyan square
Total Reward: 0.980 | Done: False | Goal: push the pile of red blocks into the cyan square
Total Reward: 0.980 | Done: False | Goal: push the pile of red blocks into the cyan square
Total Reward: 1.000 | Done: True | Goal: push the pile of red blocks into the cyan square
Oracle demo: 94/100 | Seed: 187
Total Reward: 0.520 | Done: False | Goal: push the pile of brown blocks into the green square
Total Reward: 0.620 | Done: False | Goal: push the pile of brown blocks into the green square
Total Reward: 0.720 | Done: False | Goal: push the pile of brown blocks into the green square
Total Reward: 0.840 | Done: False | Goal: push the pile of brown blocks into the green square
Total Reward: 0.880 | Done: False | Goal: push the pile of brown blocks into the green square
Total Reward: 0.920 | Done: False | Goal: push the pile of brown blocks into the green square
Total Reward: 0.960 | Done: False | Goal: push the pile of brown blocks into the green square
Total Reward: 1.000 | Done: True | Goal: push the pile of brown blocks into the green square
Oracle demo: 95/100 | Seed: 189
Total Reward: 0.440 | Done: False | Goal: push the pile of green blocks into the yellow square
Total Reward: 0.580 | Done: False | Goal: push the pile of green blocks into the yellow square
Total Reward: 0.780 | Done: False | Goal: push the pile of green blocks into the yellow square
Total Reward: 0.840 | Done: False | Goal: push the pile of green blocks into the yellow square
Total Reward: 0.940 | Done: False | Goal: push the pile of green blocks into the yellow square
Total Reward: 0.960 | Done: False | Goal: push the pile of green blocks into the yellow square
Total Reward: 1.000 | Done: True | Goal: push the pile of green blocks into the yellow square
Oracle demo: 96/100 | Seed: 191
Total Reward: 0.260 | Done: False | Goal: push the pile of gray blocks into the cyan square
Total Reward: 0.340 | Done: False | Goal: push the pile of gray blocks into the cyan square
Total Reward: 0.420 | Done: False | Goal: push the pile of gray blocks into the cyan square
Total Reward: 0.540 | Done: False | Goal: push the pile of gray blocks into the cyan square
Total Reward: 0.700 | Done: False | Goal: push the pile of gray blocks into the cyan square
Total Reward: 0.840 | Done: False | Goal: push the pile of gray blocks into the cyan square
Total Reward: 0.980 | Done: False | Goal: push the pile of gray blocks into the cyan square
Total Reward: 1.000 | Done: True | Goal: push the pile of gray blocks into the cyan square
Oracle demo: 97/100 | Seed: 193
Total Reward: 0.160 | Done: False | Goal: push the pile of red blocks into the yellow square
Total Reward: 0.420 | Done: False | Goal: push the pile of red blocks into the yellow square
Total Reward: 0.560 | Done: False | Goal: push the pile of red blocks into the yellow square
Total Reward: 0.620 | Done: False | Goal: push the pile of red blocks into the yellow square
Total Reward: 0.720 | Done: False | Goal: push the pile of red blocks into the yellow square
Total Reward: 0.800 | Done: False | Goal: push the pile of red blocks into the yellow square
Total Reward: 0.820 | Done: False | Goal: push the pile of red blocks into the yellow square
Total Reward: 0.960 | Done: False | Goal: push the pile of red blocks into the yellow square
Total Reward: 0.980 | Done: False | Goal: push the pile of red blocks into the yellow square
Total Reward: 1.000 | Done: True | Goal: push the pile of red blocks into the yellow square
Oracle demo: 98/100 | Seed: 195
Total Reward: 0.180 | Done: False | Goal: push the pile of blue blocks into the brown square
Total Reward: 0.320 | Done: False | Goal: push the pile of blue blocks into the brown square
Total Reward: 0.420 | Done: False | Goal: push the pile of blue blocks into the brown square
Total Reward: 0.580 | Done: False | Goal: push the pile of blue blocks into the brown square
Total Reward: 0.720 | Done: False | Goal: push the pile of blue blocks into the brown square
Total Reward: 0.820 | Done: False | Goal: push the pile of blue blocks into the brown square
Total Reward: 0.820 | Done: False | Goal: push the pile of blue blocks into the brown square
Total Reward: 0.860 | Done: False | Goal: push the pile of blue blocks into the brown square
Total Reward: 0.980 | Done: False | Goal: push the pile of blue blocks into the brown square
Total Reward: 1.000 | Done: True | Goal: push the pile of blue blocks into the brown square
Oracle demo: 99/100 | Seed: 197
Total Reward: 0.220 | Done: False | Goal: push the pile of red blocks into the brown square
Total Reward: 0.220 | Done: False | Goal: push the pile of red blocks into the brown square
Total Reward: 0.380 | Done: False | Goal: push the pile of red blocks into the brown square
Total Reward: 0.580 | Done: False | Goal: push the pile of red blocks into the brown square
Total Reward: 0.640 | Done: False | Goal: push the pile of red blocks into the brown square
Total Reward: 0.740 | Done: False | Goal: push the pile of red blocks into the brown square
Total Reward: 0.780 | Done: False | Goal: push the pile of red blocks into the brown square
Total Reward: 0.900 | Done: False | Goal: push the pile of red blocks into the brown square
Total Reward: 0.920 | Done: False | Goal: push the pile of red blocks into the brown square
Total Reward: 0.940 | Done: False | Goal: push the pile of red blocks into the brown square
Total Reward: 0.960 | Done: False | Goal: push the pile of red blocks into the brown square
Total Reward: 0.980 | Done: False | Goal: push the pile of red blocks into the brown square
Total Reward: 1.000 | Done: True | Goal: push the pile of red blocks into the brown square
Oracle demo: 100/100 | Seed: 199
Total Reward: 0.380 | Done: False | Goal: push the pile of yellow blocks into the gray square
Total Reward: 0.480 | Done: False | Goal: push the pile of yellow blocks into the gray square
Total Reward: 0.580 | Done: False | Goal: push the pile of yellow blocks into the gray square
Total Reward: 0.760 | Done: False | Goal: push the pile of yellow blocks into the gray square
Total Reward: 0.900 | Done: False | Goal: push the pile of yellow blocks into the gray square
Total Reward: 0.920 | Done: False | Goal: push the pile of yellow blocks into the gray square
Total Reward: 0.980 | Done: False | Goal: push the pile of yellow blocks into the gray square
Total Reward: 1.000 | Done: True | Goal: push the pile of yellow blocks into the gray square
text argument:/home/a/acw799/cliport/cliport/environments/assets/
int args: [